<?xml version="1.0" encoding="UTF-8"?>
<testng-results skipped="0" failed="0" ignored="0" total="2" passed="2">
  <reporter-output>
  </reporter-output>
  <suite name="Default suite" duration-ms="26" started-at="2021-12-09T08:09:57Z" finished-at="2021-12-09T08:09:57Z">
    <groups>
    </groups>
    <test name="Default test" duration-ms="26" started-at="2021-12-09T08:09:57Z" finished-at="2021-12-09T08:09:57Z">
      <class name="Test.Sample_Maven_Project.Tc01Test">
        <test-method status="PASS" signature="Medicalshop()[pri:0, instance:Test.Sample_Maven_Project.Tc01Test@58651fd0]" name="Medicalshop" duration-ms="6" started-at="2021-12-09T08:09:57Z" finished-at="2021-12-09T08:09:57Z">
          <reporter-output>
          </reporter-output>
        </test-method> <!-- Medicalshop -->
        <test-method status="PASS" signature="Webshop()[pri:0, instance:Test.Sample_Maven_Project.Tc01Test@58651fd0]" name="Webshop" duration-ms="1" started-at="2021-12-09T08:09:57Z" finished-at="2021-12-09T08:09:57Z">
          <reporter-output>
          </reporter-output>
        </test-method> <!-- Webshop -->
      </class> <!-- Test.Sample_Maven_Project.Tc01Test -->
    </test> <!-- Default test -->
  </suite> <!-- Default suite -->
</testng-results>
